Started GET "/" for 127.0.0.1 at 2018-08-14 20:20:02 -0500
Processing by Rails::WelcomeController#index as HTML
  Rendering C:/RailsInstaller/Ruby2.3.3/lib/ruby/gems/2.3.0/gems/railties-5.1.6/lib/rails/templates/rails/welcome/index.html.erb
  Rendered C:/RailsInstaller/Ruby2.3.3/lib/ruby/gems/2.3.0/gems/railties-5.1.6/lib/rails/templates/rails/welcome/index.html.erb (20.0ms)
Completed 200 OK in 3694ms (Views: 217.9ms)


Started GET "/" for 127.0.0.1 at 2018-08-14 20:41:31 -0500
  
ActiveRecord::PendingMigrationError (

Migrations are pending. To resolve this issue, run:

        bin/rails db:migrate RAILS_ENV=development

):
  
activerecord (5.1.6) lib/active_record/migration.rb:576:in `check_pending!'
activerecord (5.1.6) lib/active_record/migration.rb:553:in `call'
actionpack (5.1.6) lib/action_dispatch/middleware/callbacks.rb:26:in `block in call'
activesupport (5.1.6) lib/active_support/callbacks.rb:97:in `run_callbacks'
actionpack (5.1.6) lib/action_dispatch/middleware/callbacks.rb:24:in `call'
actionpack (5.1.6) lib/action_dispatch/middleware/executor.rb:12:in `call'
actionpack (5.1.6) lib/action_dispatch/middleware/debug_exceptions.rb:59:in `call'
web-console (3.6.2) lib/web_console/middleware.rb:135:in `call_app'
web-console (3.6.2) lib/web_console/middleware.rb:30:in `block in call'
web-console (3.6.2) lib/web_console/middleware.rb:20:in `catch'
web-console (3.6.2) lib/web_console/middleware.rb:20:in `call'
actionpack (5.1.6) lib/action_dispatch/middleware/show_exceptions.rb:31:in `call'
railties (5.1.6) lib/rails/rack/logger.rb:36:in `call_app'
railties (5.1.6) lib/rails/rack/logger.rb:24:in `block in call'
activesupport (5.1.6) lib/active_support/tagged_logging.rb:69:in `block in tagged'
activesupport (5.1.6) lib/active_support/tagged_logging.rb:26:in `tagged'
activesupport (5.1.6) lib/active_support/tagged_logging.rb:69:in `tagged'
railties (5.1.6) lib/rails/rack/logger.rb:24:in `call'
sprockets-rails (3.2.1) lib/sprockets/rails/quiet_assets.rb:13:in `call'
actionpack (5.1.6) lib/action_dispatch/middleware/remote_ip.rb:79:in `call'
actionpack (5.1.6) lib/action_dispatch/middleware/request_id.rb:25:in `call'
rack (2.0.5) lib/rack/method_override.rb:22:in `call'
rack (2.0.5) lib/rack/runtime.rb:22:in `call'
activesupport (5.1.6) lib/active_support/cache/strategy/local_cache_middleware.rb:27:in `call'
actionpack (5.1.6) lib/action_dispatch/middleware/executor.rb:12:in `call'
actionpack (5.1.6) lib/action_dispatch/middleware/static.rb:125:in `call'
rack (2.0.5) lib/rack/sendfile.rb:111:in `call'
railties (5.1.6) lib/rails/engine.rb:522:in `call'
puma (3.12.0) lib/puma/configuration.rb:225:in `call'
puma (3.12.0) lib/puma/server.rb:658:in `handle_request'
puma (3.12.0) lib/puma/server.rb:472:in `process_client'
puma (3.12.0) lib/puma/server.rb:332:in `block in run'
puma (3.12.0) lib/puma/thread_pool.rb:133:in `block in spawn_thread'
  [1m[35m (1.0ms)[0m  [1m[34mSELECT sqlite_version(*)[0m
  [1m[35m (184.3ms)[0m  [1m[35mCREATE TABLE "schema_migrations" ("version" varchar NOT NULL PRIMARY KEY)[0m
  [1m[35m (174.4ms)[0m  [1m[35mCREATE TABLE "ar_internal_metadata" ("key" varchar NOT NULL PRIMARY KEY, "value" varchar, "created_at" datetime NOT NULL, "updated_at" datetime NOT NULL)[0m
  [1m[35m (1.0ms)[0m  [1m[34mSELECT "schema_migrations"."version" FROM "schema_migrations" ORDER BY "schema_migrations"."version" ASC[0m
Migrating to CreatePosts (20180815013044)
  [1m[35m (0.0ms)[0m  [1m[36mbegin transaction[0m
  [1m[35m (3.0ms)[0m  [1m[35mCREATE TABLE "posts" ("id" INTEGER PRIMARY KEY AUTOINCREMENT NOT NULL, "title" varchar, "body" text, "author" varchar, "publication_date" datetime, "created_at" datetime NOT NULL, "updated_at" datetime NOT NULL)[0m
  [1m[35mSQL (1.0ms)[0m  [1m[32mINSERT INTO "schema_migrations" ("version") VALUES (?)[0m  [["version", "20180815013044"]]
  [1m[35m (225.9ms)[0m  [1m[36mcommit transaction[0m
  [1m[36mActiveRecord::InternalMetadata Load (1.0ms)[0m  [1m[34mSELECT  "ar_internal_metadata".* FROM "ar_internal_metadata" WHERE "ar_internal_metadata"."key" = ? LIMIT ?[0m  [["key", "environment"], ["LIMIT", 1]]
  [1m[35m (0.0ms)[0m  [1m[36mbegin transaction[0m
  [1m[35mSQL (3.0ms)[0m  [1m[32mINSERT INTO "ar_internal_metadata" ("key", "value", "created_at", "updated_at") VALUES (?, ?, ?, ?)[0m  [["key", "environment"], ["value", "development"], ["created_at", "2018-08-15 01:44:17.932340"], ["updated_at", "2018-08-15 01:44:17.932340"]]
  [1m[35m (135.4ms)[0m  [1m[36mcommit transaction[0m
  [1m[35m (1.0ms)[0m  [1m[34mSELECT "schema_migrations"."version" FROM "schema_migrations" ORDER BY "schema_migrations"."version" ASC[0m
Started GET "/" for 127.0.0.1 at 2018-08-14 20:45:51 -0500
  [1m[35m (1.0ms)[0m  [1m[34mSELECT "schema_migrations"."version" FROM "schema_migrations" ORDER BY "schema_migrations"."version" ASC[0m
Processing by Rails::WelcomeController#index as HTML
  Rendering C:/RailsInstaller/Ruby2.3.3/lib/ruby/gems/2.3.0/gems/railties-5.1.6/lib/rails/templates/rails/welcome/index.html.erb
  Rendered C:/RailsInstaller/Ruby2.3.3/lib/ruby/gems/2.3.0/gems/railties-5.1.6/lib/rails/templates/rails/welcome/index.html.erb (10.0ms)
Completed 200 OK in 339ms (Views: 119.1ms | ActiveRecord: 0.0ms)


Started GET "/posts" for 127.0.0.1 at 2018-08-14 20:46:52 -0500
Processing by PostsController#index as HTML
  Rendering posts/index.html.erb within layouts/application
  [1m[36mPost Load (1.0ms)[0m  [1m[34mSELECT "posts".* FROM "posts"[0m
  Rendered posts/index.html.erb within layouts/application (20.0ms)
Completed 200 OK in 8678ms (Views: 8517.5ms | ActiveRecord: 9.0ms)


Started GET "/welcome" for 127.0.0.1 at 2018-08-16 20:54:59 -0500
  [1m[35m (1.0ms)[0m  [1m[34mSELECT "schema_migrations"."version" FROM "schema_migrations" ORDER BY "schema_migrations"."version" ASC[0m
  
ActionController::RoutingError (No route matches [GET] "/welcome"):
  
actionpack (5.1.6) lib/action_dispatch/middleware/debug_exceptions.rb:63:in `call'
web-console (3.6.2) lib/web_console/middleware.rb:135:in `call_app'
web-console (3.6.2) lib/web_console/middleware.rb:30:in `block in call'
web-console (3.6.2) lib/web_console/middleware.rb:20:in `catch'
web-console (3.6.2) lib/web_console/middleware.rb:20:in `call'
actionpack (5.1.6) lib/action_dispatch/middleware/show_exceptions.rb:31:in `call'
railties (5.1.6) lib/rails/rack/logger.rb:36:in `call_app'
railties (5.1.6) lib/rails/rack/logger.rb:24:in `block in call'
activesupport (5.1.6) lib/active_support/tagged_logging.rb:69:in `block in tagged'
activesupport (5.1.6) lib/active_support/tagged_logging.rb:26:in `tagged'
activesupport (5.1.6) lib/active_support/tagged_logging.rb:69:in `tagged'
railties (5.1.6) lib/rails/rack/logger.rb:24:in `call'
sprockets-rails (3.2.1) lib/sprockets/rails/quiet_assets.rb:13:in `call'
actionpack (5.1.6) lib/action_dispatch/middleware/remote_ip.rb:79:in `call'
actionpack (5.1.6) lib/action_dispatch/middleware/request_id.rb:25:in `call'
rack (2.0.5) lib/rack/method_override.rb:22:in `call'
rack (2.0.5) lib/rack/runtime.rb:22:in `call'
activesupport (5.1.6) lib/active_support/cache/strategy/local_cache_middleware.rb:27:in `call'
actionpack (5.1.6) lib/action_dispatch/middleware/executor.rb:12:in `call'
actionpack (5.1.6) lib/action_dispatch/middleware/static.rb:125:in `call'
rack (2.0.5) lib/rack/sendfile.rb:111:in `call'
railties (5.1.6) lib/rails/engine.rb:522:in `call'
puma (3.12.0) lib/puma/configuration.rb:225:in `call'
puma (3.12.0) lib/puma/server.rb:658:in `handle_request'
puma (3.12.0) lib/puma/server.rb:472:in `process_client'
puma (3.12.0) lib/puma/server.rb:332:in `block in run'
puma (3.12.0) lib/puma/thread_pool.rb:133:in `call'
puma (3.12.0) lib/puma/thread_pool.rb:133:in `block in spawn_thread'
Started GET "/" for 127.0.0.1 at 2018-08-16 20:55:25 -0500
Processing by Rails::WelcomeController#index as HTML
  Rendering C:/RailsInstaller/Ruby2.2.0/lib/ruby/gems/2.2.0/gems/railties-5.1.6/lib/rails/templates/rails/welcome/index.html.erb
  Rendered C:/RailsInstaller/Ruby2.2.0/lib/ruby/gems/2.2.0/gems/railties-5.1.6/lib/rails/templates/rails/welcome/index.html.erb (5.0ms)
Completed 200 OK in 58ms (Views: 31.6ms | ActiveRecord: 0.0ms)


Started GET "/" for 127.0.0.1 at 2018-08-16 20:55:39 -0500
Processing by Rails::WelcomeController#index as HTML
  Rendering C:/RailsInstaller/Ruby2.2.0/lib/ruby/gems/2.2.0/gems/railties-5.1.6/lib/rails/templates/rails/welcome/index.html.erb
  Rendered C:/RailsInstaller/Ruby2.2.0/lib/ruby/gems/2.2.0/gems/railties-5.1.6/lib/rails/templates/rails/welcome/index.html.erb (5.0ms)
Completed 200 OK in 63ms (Views: 33.4ms | ActiveRecord: 0.0ms)


Started GET "/" for 127.0.0.1 at 2018-08-16 20:58:09 -0500
Processing by WelcomeController#index as HTML
  Rendering welcome/index.html.erb within layouts/application
  Rendered welcome/index.html.erb within layouts/application (1.0ms)
Completed 500 Internal Server Error in 264ms


  
ActionView::Template::Error (Invalid CSS after " @import ": expected file to import (string or url()), was "‘bootstrap’;"):
    4:     <title>ImageGram</title>
    5:     <%= csrf_meta_tags %>
    6: 
    7:     <%= stylesheet_link_tag    'application', media: 'all', 'data-turbolinks-track': 'reload' %>
    8:     <%= javascript_include_tag 'application', 'data-turbolinks-track': 'reload' %>
    9:   </head>
   10: 
  
app/assets/stylesheets/application.scss:16
app/views/layouts/application.html.erb:7:in `_app_views_layouts_application_html_erb__595025111_44675544'
Started GET "/" for 127.0.0.1 at 2018-08-16 20:59:01 -0500
Processing by WelcomeController#index as HTML
  Rendering welcome/index.html.erb within layouts/application
  Rendered welcome/index.html.erb within layouts/application (0.0ms)
Completed 200 OK in 11763ms (Views: 11741.6ms)


Started GET "/welcome" for 127.0.0.1 at 2018-08-16 21:01:05 -0500
  
ActionController::RoutingError (No route matches [GET] "/welcome"):
  
actionpack (5.1.6) lib/action_dispatch/middleware/debug_exceptions.rb:63:in `call'
web-console (3.6.2) lib/web_console/middleware.rb:135:in `call_app'
web-console (3.6.2) lib/web_console/middleware.rb:30:in `block in call'
web-console (3.6.2) lib/web_console/middleware.rb:20:in `catch'
web-console (3.6.2) lib/web_console/middleware.rb:20:in `call'
actionpack (5.1.6) lib/action_dispatch/middleware/show_exceptions.rb:31:in `call'
railties (5.1.6) lib/rails/rack/logger.rb:36:in `call_app'
railties (5.1.6) lib/rails/rack/logger.rb:24:in `block in call'
activesupport (5.1.6) lib/active_support/tagged_logging.rb:69:in `block in tagged'
activesupport (5.1.6) lib/active_support/tagged_logging.rb:26:in `tagged'
activesupport (5.1.6) lib/active_support/tagged_logging.rb:69:in `tagged'
railties (5.1.6) lib/rails/rack/logger.rb:24:in `call'
sprockets-rails (3.2.1) lib/sprockets/rails/quiet_assets.rb:13:in `call'
actionpack (5.1.6) lib/action_dispatch/middleware/remote_ip.rb:79:in `call'
actionpack (5.1.6) lib/action_dispatch/middleware/request_id.rb:25:in `call'
rack (2.0.5) lib/rack/method_override.rb:22:in `call'
rack (2.0.5) lib/rack/runtime.rb:22:in `call'
activesupport (5.1.6) lib/active_support/cache/strategy/local_cache_middleware.rb:27:in `call'
actionpack (5.1.6) lib/action_dispatch/middleware/executor.rb:12:in `call'
actionpack (5.1.6) lib/action_dispatch/middleware/static.rb:125:in `call'
rack (2.0.5) lib/rack/sendfile.rb:111:in `call'
railties (5.1.6) lib/rails/engine.rb:522:in `call'
puma (3.12.0) lib/puma/configuration.rb:225:in `call'
puma (3.12.0) lib/puma/server.rb:658:in `handle_request'
puma (3.12.0) lib/puma/server.rb:472:in `process_client'
puma (3.12.0) lib/puma/server.rb:332:in `block in run'
puma (3.12.0) lib/puma/thread_pool.rb:133:in `call'
puma (3.12.0) lib/puma/thread_pool.rb:133:in `block in spawn_thread'
Started GET "/posts" for 127.0.0.1 at 2018-08-16 21:04:08 -0500
Processing by PostsController#index as HTML
  Rendering posts/index.html.erb within layouts/application
  [1m[36mPost Load (0.0ms)[0m  [1m[34mSELECT "posts".* FROM "posts"[0m
  Rendered posts/index.html.erb within layouts/application (5.0ms)
Completed 200 OK in 187ms (Views: 161.2ms | ActiveRecord: 1.0ms)


Started GET "/posts/new" for 127.0.0.1 at 2018-08-16 21:04:12 -0500
Processing by PostsController#new as HTML
  Rendering posts/new.html.erb within layouts/application
  Rendered posts/_form.html.erb (22.5ms)
  Rendered posts/new.html.erb within layouts/application (47.6ms)
Completed 200 OK in 222ms (Views: 190.9ms | ActiveRecord: 1.0ms)


  [1m[35m (109.4ms)[0m  [1m[35mCREATE TABLE "schema_migrations" ("version" character varying NOT NULL PRIMARY KEY)[0m
  [1m[35m (156.3ms)[0m  [1m[35mCREATE TABLE "ar_internal_metadata" ("key" character varying NOT NULL PRIMARY KEY, "value" character varying, "created_at" timestamp NOT NULL, "updated_at" timestamp NOT NULL)[0m
  [1m[35m (0.0ms)[0m  [1m[34mSELECT pg_try_advisory_lock(3465197453660230470)[0m
  [1m[35m (0.0ms)[0m  [1m[34mSELECT "schema_migrations"."version" FROM "schema_migrations" ORDER BY "schema_migrations"."version" ASC[0m
Migrating to CreatePosts (20180815013044)
  [1m[35m (0.0ms)[0m  [1m[35mBEGIN[0m
  [1m[35m (109.4ms)[0m  [1m[35mCREATE TABLE "posts" ("id" bigserial primary key, "title" character varying, "body" text, "author" character varying, "publication_date" timestamp, "created_at" timestamp NOT NULL, "updated_at" timestamp NOT NULL)[0m
  [1m[35mSQL (0.0ms)[0m  [1m[32mINSERT INTO "schema_migrations" ("version") VALUES ($1) RETURNING "version"[0m  [["version", "20180815013044"]]
  [1m[35m (0.0ms)[0m  [1m[35mCOMMIT[0m
  [1m[36mActiveRecord::InternalMetadata Load (15.6ms)[0m  [1m[34mSELECT  "ar_internal_metadata".* FROM "ar_internal_metadata" WHERE "ar_internal_metadata"."key" = $1 LIMIT $2[0m  [["key", "environment"], ["LIMIT", 1]]
  [1m[35m (0.0ms)[0m  [1m[35mBEGIN[0m
  [1m[35mSQL (0.0ms)[0m  [1m[32mINSERT INTO "ar_internal_metadata" ("key", "value", "created_at", "updated_at") VALUES ($1, $2, $3, $4) RETURNING "key"[0m  [["key", "environment"], ["value", "development"], ["created_at", "2018-08-23 23:51:30.839564"], ["updated_at", "2018-08-23 23:51:30.839564"]]
  [1m[35m (0.0ms)[0m  [1m[35mCOMMIT[0m
  [1m[35m (15.6ms)[0m  [1m[34mSELECT pg_advisory_unlock(3465197453660230470)[0m
  [1m[35m (15.6ms)[0m  [1m[34mSELECT "schema_migrations"."version" FROM "schema_migrations" ORDER BY "schema_migrations"."version" ASC[0m
  [1m[35m (1.0ms)[0m  [1m[34mSELECT pg_try_advisory_lock(3465197453660230470)[0m
  [1m[35m (1.0ms)[0m  [1m[34mSELECT "schema_migrations"."version" FROM "schema_migrations" ORDER BY "schema_migrations"."version" ASC[0m
Migrating to CreateImages (20180824000010)
  [1m[35m (0.0ms)[0m  [1m[35mBEGIN[0m
  [1m[35m (117.8ms)[0m  [1m[35mCREATE TABLE "images" ("id" bigserial primary key, "description" character varying, "likes_counter" integer, "created_at" timestamp NOT NULL, "updated_at" timestamp NOT NULL)[0m
  [1m[35mSQL (1.0ms)[0m  [1m[32mINSERT INTO "schema_migrations" ("version") VALUES ($1) RETURNING "version"[0m  [["version", "20180824000010"]]
  [1m[35m (3.3ms)[0m  [1m[35mCOMMIT[0m
  [1m[36mActiveRecord::InternalMetadata Load (1.0ms)[0m  [1m[34mSELECT  "ar_internal_metadata".* FROM "ar_internal_metadata" WHERE "ar_internal_metadata"."key" = $1 LIMIT $2[0m  [["key", "environment"], ["LIMIT", 1]]
  [1m[35m (0.0ms)[0m  [1m[35mBEGIN[0m
  [1m[35m (0.0ms)[0m  [1m[35mCOMMIT[0m
  [1m[35m (0.0ms)[0m  [1m[34mSELECT pg_advisory_unlock(3465197453660230470)[0m
  [1m[35m (0.0ms)[0m  [1m[34mSELECT "schema_migrations"."version" FROM "schema_migrations" ORDER BY "schema_migrations"."version" ASC[0m
Started GET "/" for 127.0.0.1 at 2018-08-23 19:10:38 -0500
  [1m[35m (1.0ms)[0m  [1m[34mSELECT "schema_migrations"."version" FROM "schema_migrations" ORDER BY "schema_migrations"."version" ASC[0m
Processing by WelcomeController#index as HTML
  Rendering welcome/index.html.erb within layouts/application
  Rendered welcome/index.html.erb within layouts/application (2.0ms)
Completed 200 OK in 12951ms (Views: 12924.2ms | ActiveRecord: 0.0ms)


Started GET "/images/ew" for 127.0.0.1 at 2018-08-23 21:08:12 -0500
Processing by ImagesController#show as HTML
  Parameters: {"id"=>"ew"}
  [1m[36mImage Load (1.0ms)[0m  [1m[34mSELECT  "images".* FROM "images" WHERE "images"."id" = $1 LIMIT $2[0m  [["id", 0], ["LIMIT", 1]]
Completed 404 Not Found in 277ms (ActiveRecord: 120.1ms)


  
ActiveRecord::RecordNotFound (Couldn't find Image with 'id'=ew):
  
app/controllers/images_controller.rb:47:in `set_image'
Started GET "/images/new" for 127.0.0.1 at 2018-08-23 21:08:29 -0500
Processing by ImagesController#new as HTML
  Rendering images/new.html.erb within layouts/application
  Rendered images/_form.html.erb (20.0ms)
  Rendered images/new.html.erb within layouts/application (42.0ms)
Completed 500 Internal Server Error in 131ms (ActiveRecord: 0.0ms)


  
ActionView::Template::Error (First argument in form cannot contain nil or be empty):
    1: <%= form_for @image do |f| %>
    2:     <%= f.label 'Descripción' %> <br>
    3:     <%= f.text_field :description %> <br>
    4: 
  
app/views/images/_form.html.erb:1:in `_app_views_images__form_html_erb__172053087_103569252'
app/views/images/new.html.erb:2:in `_app_views_images_new_html_erb___52707086_103642416'
Started GET "/image/new" for 127.0.0.1 at 2018-08-23 21:11:35 -0500
  
ActionController::RoutingError (No route matches [GET] "/image/new"):
  
actionpack (5.1.6) lib/action_dispatch/middleware/debug_exceptions.rb:63:in `call'
web-console (3.6.2) lib/web_console/middleware.rb:135:in `call_app'
web-console (3.6.2) lib/web_console/middleware.rb:30:in `block in call'
web-console (3.6.2) lib/web_console/middleware.rb:20:in `catch'
web-console (3.6.2) lib/web_console/middleware.rb:20:in `call'
actionpack (5.1.6) lib/action_dispatch/middleware/show_exceptions.rb:31:in `call'
railties (5.1.6) lib/rails/rack/logger.rb:36:in `call_app'
railties (5.1.6) lib/rails/rack/logger.rb:24:in `block in call'
activesupport (5.1.6) lib/active_support/tagged_logging.rb:69:in `block in tagged'
activesupport (5.1.6) lib/active_support/tagged_logging.rb:26:in `tagged'
activesupport (5.1.6) lib/active_support/tagged_logging.rb:69:in `tagged'
railties (5.1.6) lib/rails/rack/logger.rb:24:in `call'
sprockets-rails (3.2.1) lib/sprockets/rails/quiet_assets.rb:13:in `call'
actionpack (5.1.6) lib/action_dispatch/middleware/remote_ip.rb:79:in `call'
actionpack (5.1.6) lib/action_dispatch/middleware/request_id.rb:25:in `call'
rack (2.0.5) lib/rack/method_override.rb:22:in `call'
rack (2.0.5) lib/rack/runtime.rb:22:in `call'
activesupport (5.1.6) lib/active_support/cache/strategy/local_cache_middleware.rb:27:in `call'
actionpack (5.1.6) lib/action_dispatch/middleware/executor.rb:12:in `call'
actionpack (5.1.6) lib/action_dispatch/middleware/static.rb:125:in `call'
rack (2.0.5) lib/rack/sendfile.rb:111:in `call'
railties (5.1.6) lib/rails/engine.rb:522:in `call'
puma (3.12.0) lib/puma/configuration.rb:225:in `call'
puma (3.12.0) lib/puma/server.rb:658:in `handle_request'
puma (3.12.0) lib/puma/server.rb:472:in `process_client'
puma (3.12.0) lib/puma/server.rb:332:in `block in run'
puma (3.12.0) lib/puma/thread_pool.rb:133:in `call'
puma (3.12.0) lib/puma/thread_pool.rb:133:in `block in spawn_thread'
Started GET "/images/new" for 127.0.0.1 at 2018-08-23 21:11:45 -0500
Processing by ImagesController#new as HTML
  Rendering images/new.html.erb within layouts/application
  Rendered images/_form.html.erb (18.0ms)
  Rendered images/new.html.erb within layouts/application (38.4ms)
Completed 500 Internal Server Error in 113ms (ActiveRecord: 0.0ms)


  
ActionView::Template::Error (First argument in form cannot contain nil or be empty):
    1: <%= form_for @image do |f| %>
    2:     <%= f.label 'Descripción' %> <br>
    3:     <%= f.text_field :description %> <br>
    4: 
  
app/views/images/_form.html.erb:1:in `_app_views_images__form_html_erb__172053087_85260972'
app/views/images/new.html.erb:2:in `_app_views_images_new_html_erb___52707086_85492128'
Started GET "/images/new" for 127.0.0.1 at 2018-08-23 21:14:35 -0500
Processing by ImagesController#new as HTML
  Rendering images/new.html.erb within layouts/application
  Rendered images/_form.html.erb (22.0ms)
  Rendered images/new.html.erb within layouts/application (46.0ms)
Completed 500 Internal Server Error in 124ms (ActiveRecord: 0.0ms)


  
ActionView::Template::Error (First argument in form cannot contain nil or be empty):
    1: <%= form_for @image do |f| %>
    2:     <%= f.label 'Descripción' %> <br>
    3:     <%= f.text_field :description %> <br>
    4: 
  
app/views/images/_form.html.erb:1:in `_app_views_images__form_html_erb__172053087_84038652'
app/views/images/new.html.erb:2:in `_app_views_images_new_html_erb___52707086_83764080'
Started GET "/images/new" for 127.0.0.1 at 2018-08-23 21:14:58 -0500
Processing by ImagesController#new as HTML
  Rendering images/new.html.erb within layouts/application
  Rendered images/_form.html.erb (19.0ms)
  Rendered images/new.html.erb within layouts/application (38.0ms)
Completed 500 Internal Server Error in 114ms (ActiveRecord: 0.0ms)


  
ActionView::Template::Error (First argument in form cannot contain nil or be empty):
    1: <%= form_for @image do |f|%>
    2:     <%= f.label 'Descripción' %> <br>
    3:     <%= f.text_field :description %> <br>
    4: 
  
app/views/images/_form.html.erb:1:in `_app_views_images__form_html_erb__172053087_89842596'
app/views/images/new.html.erb:2:in `_app_views_images_new_html_erb___52707086_90221064'
Started GET "/images/new" for 127.0.0.1 at 2018-08-23 21:15:42 -0500
Processing by ImagesController#new as HTML
  Rendering images/new.html.erb within layouts/application
  Rendered images/_form.html.erb (19.7ms)
  Rendered images/new.html.erb within layouts/application (37.9ms)
Completed 500 Internal Server Error in 114ms (ActiveRecord: 0.0ms)


  
ActionView::Template::Error (First argument in form cannot contain nil or be empty):
    1: <%= form_for @image do |f|%>
    2:     <%= f.label 'Descripción' %> <br>
    3:     <%= f.text_field :description %> <br>
    4: 
  
app/views/images/_form.html.erb:1:in `_app_views_images__form_html_erb__172053087_55151196'
app/views/images/new.html.erb:2:in `_app_views_images_new_html_erb___52707086_96514260'
Started GET "/images/new" for 127.0.0.1 at 2018-08-23 21:17:24 -0500
Processing by ImagesController#new as HTML
  Rendering images/new.html.erb within layouts/application
  Rendered images/_form.html.erb (19.0ms)
  Rendered images/new.html.erb within layouts/application (37.0ms)
Completed 500 Internal Server Error in 107ms (ActiveRecord: 0.0ms)


  
ActionView::Template::Error (First argument in form cannot contain nil or be empty):
    1: <%= form_for @images do |f| %>
    2:     <%= f.label 'Descripción' %> <br>
    3:     <%= f.text_field :description %> <br>
    4: 
  
app/views/images/_form.html.erb:1:in `_app_views_images__form_html_erb__172053087_107393844'
app/views/images/new.html.erb:2:in `_app_views_images_new_html_erb___52707086_106781064'
Started GET "/images/new" for 127.0.0.1 at 2018-08-23 21:20:03 -0500
Processing by ImagesController#new as HTML
  Rendering images/new.html.erb within layouts/application
  Rendered images/_form.html.erb (45.0ms)
  Rendered images/new.html.erb within layouts/application (68.0ms)
Completed 200 OK in 400ms (Views: 362.2ms | ActiveRecord: 4.0ms)


Started POST "/images" for 127.0.0.1 at 2018-08-23 21:21:58 -0500
Processing by ImagesController#create as HTML
  Parameters: {"utf8"=>"✓", "authenticity_token"=>"3bL/gVGed5CYmp9dIDctnbyRm7cGhM3km9XMxPsCtBn9y3MxL9iJx1QF5XorWU2Hd1ha69kEW4swea/X+H39Yw==", "image"=>{"description"=>"añkhflkmASDLMKF"}, "commit"=>"Enviar"}
  [1m[35m (0.0ms)[0m  [1m[35mBEGIN[0m
  [1m[35mSQL (15.0ms)[0m  [1m[32mINSERT INTO "images" ("description", "created_at", "updated_at") VALUES ($1, $2, $3) RETURNING "id"[0m  [["description", "añkhflkmASDLMKF"], ["created_at", "2018-08-24 02:21:58.283188"], ["updated_at", "2018-08-24 02:21:58.283188"]]
  [1m[35m (39.0ms)[0m  [1m[35mCOMMIT[0m
Redirected to http://localhost:3000/images/1
Completed 302 Found in 62ms (ActiveRecord: 54.0ms)


Started GET "/images/1" for 127.0.0.1 at 2018-08-23 21:21:58 -0500
Processing by ImagesController#show as HTML
  Parameters: {"id"=>"1"}
  [1m[36mImage Load (0.0ms)[0m  [1m[34mSELECT  "images".* FROM "images" WHERE "images"."id" = $1 LIMIT $2[0m  [["id", 1], ["LIMIT", 1]]
  Rendering images/show.html.erb within layouts/application
  Rendered images/show.html.erb within layouts/application (0.0ms)
Completed 200 OK in 206ms (Views: 149.1ms | ActiveRecord: 0.0ms)


Started GET "/images/" for 127.0.0.1 at 2018-08-23 21:22:18 -0500
Processing by ImagesController#index as HTML
  Rendering images/index.html.erb within layouts/application
  [1m[36mImage Load (0.0ms)[0m  [1m[34mSELECT "images".* FROM "images"[0m
  Rendered collection of images/_image.html.erb [1 times] (16.8ms)
  Rendered images/index.html.erb within layouts/application (38.8ms)
Completed 500 Internal Server Error in 113ms (ActiveRecord: 0.0ms)


  
ActionView::Template::Error (undefined method `description' for nil:NilClass):
    1: <%= @image.description %> <br>
    2: <%= link_to 'Editar', edit_image_path(image) %><br>
    3: 
    4: <%= link_to 'Eliminar', image, method: :delete, data:{confirm: 'Esta seguro que desea eliminar esta imagen.' } %>
  
app/views/images/_image.html.erb:1:in `_app_views_images__image_html_erb___1028521151_94709796'
app/views/images/index.html.erb:1:in `_app_views_images_index_html_erb___659006004_94657872'
Started GET "/images/" for 127.0.0.1 at 2018-08-23 21:23:32 -0500
Processing by ImagesController#index as HTML
  Rendering images/index.html.erb within layouts/application
  [1m[36mImage Load (0.8ms)[0m  [1m[34mSELECT "images".* FROM "images"[0m
  Rendered collection of images/_image.html.erb [1 times] (1.0ms)
  Rendered collection of images/_image.html.erb [1 times] (0.0ms)
  Rendered images/index.html.erb within layouts/application (41.7ms)
Completed 200 OK in 210ms (Views: 187.8ms | ActiveRecord: 0.8ms)


Started GET "/images/1/edit" for 127.0.0.1 at 2018-08-23 21:25:01 -0500
Processing by ImagesController#edit as HTML
  Parameters: {"id"=>"1"}
  [1m[36mImage Load (0.0ms)[0m  [1m[34mSELECT  "images".* FROM "images" WHERE "images"."id" = $1 LIMIT $2[0m  [["id", 1], ["LIMIT", 1]]
  Rendering images/edit.html.erb within layouts/application
  Rendered images/_form.html.erb (0.0ms)
  Rendered images/edit.html.erb within layouts/application (16.0ms)
Completed 200 OK in 175ms (Views: 153.2ms | ActiveRecord: 0.0ms)


Started GET "/images/1/edit" for 127.0.0.1 at 2018-08-23 21:25:07 -0500
Processing by ImagesController#edit as HTML
  Parameters: {"id"=>"1"}
  [1m[36mImage Load (0.0ms)[0m  [1m[34mSELECT  "images".* FROM "images" WHERE "images"."id" = $1 LIMIT $2[0m  [["id", 1], ["LIMIT", 1]]
  Rendering images/edit.html.erb within layouts/application
  Rendered images/_form.html.erb (1.0ms)
  Rendered images/edit.html.erb within layouts/application (22.3ms)
Completed 200 OK in 183ms (Views: 160.6ms | ActiveRecord: 0.0ms)


  [1m[35m (140.2ms)[0m  [1m[35mCREATE TABLE "schema_migrations" ("version" character varying NOT NULL PRIMARY KEY)[0m
  [1m[35m (210.2ms)[0m  [1m[35mCREATE TABLE "ar_internal_metadata" ("key" character varying NOT NULL PRIMARY KEY, "value" character varying, "created_at" timestamp NOT NULL, "updated_at" timestamp NOT NULL)[0m
  [1m[35m (1.0ms)[0m  [1m[34mSELECT pg_try_advisory_lock(3465197453660230470)[0m
  [1m[35m (1.0ms)[0m  [1m[34mSELECT "schema_migrations"."version" FROM "schema_migrations" ORDER BY "schema_migrations"."version" ASC[0m
Migrating to CreatePosts (20180815013044)
  [1m[35m (0.0ms)[0m  [1m[35mBEGIN[0m
  [1m[35m (187.0ms)[0m  [1m[35mCREATE TABLE "posts" ("id" bigserial primary key, "title" character varying, "body" text, "author" character varying, "publication_date" timestamp, "created_at" timestamp NOT NULL, "updated_at" timestamp NOT NULL)[0m
  [1m[35mSQL (20.5ms)[0m  [1m[32mINSERT INTO "schema_migrations" ("version") VALUES ($1) RETURNING "version"[0m  [["version", "20180815013044"]]
  [1m[35m (24.6ms)[0m  [1m[35mCOMMIT[0m
Migrating to CreateImages (20180824000010)
  [1m[35m (47.9ms)[0m  [1m[35mBEGIN[0m
  [1m[35m (48.7ms)[0m  [1m[35mCREATE TABLE "images" ("id" bigserial primary key, "description" character varying, "likes_counter" integer, "created_at" timestamp NOT NULL, "updated_at" timestamp NOT NULL)[0m
  [1m[35mSQL (0.0ms)[0m  [1m[32mINSERT INTO "schema_migrations" ("version") VALUES ($1) RETURNING "version"[0m  [["version", "20180824000010"]]
  [1m[35m (1.0ms)[0m  [1m[35mCOMMIT[0m
  [1m[36mActiveRecord::InternalMetadata Load (1.0ms)[0m  [1m[34mSELECT  "ar_internal_metadata".* FROM "ar_internal_metadata" WHERE "ar_internal_metadata"."key" = $1 LIMIT $2[0m  [["key", "environment"], ["LIMIT", 1]]
  [1m[35m (0.0ms)[0m  [1m[35mBEGIN[0m
  [1m[35mSQL (90.8ms)[0m  [1m[32mINSERT INTO "ar_internal_metadata" ("key", "value", "created_at", "updated_at") VALUES ($1, $2, $3, $4) RETURNING "key"[0m  [["key", "environment"], ["value", "development"], ["created_at", "2018-08-28 23:45:52.869356"], ["updated_at", "2018-08-28 23:45:52.869356"]]
  [1m[35m (9.7ms)[0m  [1m[35mCOMMIT[0m
  [1m[35m (0.0ms)[0m  [1m[34mSELECT pg_advisory_unlock(3465197453660230470)[0m
  [1m[35m (0.0ms)[0m  [1m[34mSELECT "schema_migrations"."version" FROM "schema_migrations" ORDER BY "schema_migrations"."version" ASC[0m
Started GET "/images/new" for 127.0.0.1 at 2018-08-28 18:59:46 -0500
  [1m[35m (2.0ms)[0m  [1m[34mSELECT "schema_migrations"."version" FROM "schema_migrations" ORDER BY "schema_migrations"."version" ASC[0m
Processing by ImagesController#new as HTML
  Rendering images/new.html.erb within layouts/application
  Rendered images/_form.html.erb (35.0ms)
  Rendered images/new.html.erb within layouts/application (51.0ms)
Started GET "/images/new" for 127.0.0.1 at 2018-08-28 18:59:57 -0500
Processing by ImagesController#new as HTML
  Rendering images/new.html.erb within layouts/application
  Rendered images/_form.html.erb (2.0ms)
  Rendered images/new.html.erb within layouts/application (15.0ms)
Completed 200 OK in 19870ms (Views: 19832.4ms | ActiveRecord: 6.0ms)


Completed 200 OK in 34976ms (Views: 34961.8ms | ActiveRecord: 0.0ms)


Started GET "/images" for 127.0.0.1 at 2018-08-28 19:04:34 -0500
Processing by ImagesController#index as HTML
  Rendering images/index.html.erb within layouts/application
  [1m[36mImage Load (0.0ms)[0m  [1m[34mSELECT "images".* FROM "images"[0m
  Rendered collection of templates [0 times] (0.0ms)
  Rendered collection of templates [0 times] (0.0ms)
  Rendered images/index.html.erb within layouts/application (5.0ms)
Completed 200 OK in 156ms (Views: 141.6ms | ActiveRecord: 0.0ms)


Started GET "/images" for 127.0.0.1 at 2018-08-28 19:05:45 -0500
Processing by ImagesController#index as HTML
  Rendering images/index.html.erb within layouts/application
  [1m[36mImage Load (1.0ms)[0m  [1m[34mSELECT "images".* FROM "images"[0m
  Rendered collection of templates [0 times] (0.0ms)
  Rendered collection of templates [0 times] (0.0ms)
  Rendered images/index.html.erb within layouts/application (2.8ms)
Completed 200 OK in 146ms (Views: 133.1ms | ActiveRecord: 1.0ms)


Started GET "/images" for 127.0.0.1 at 2018-08-28 19:06:27 -0500
Processing by ImagesController#index as HTML
  Rendering images/index.html.erb within layouts/application
  [1m[36mImage Load (0.0ms)[0m  [1m[34mSELECT "images".* FROM "images"[0m
  Rendered collection of templates [0 times] (0.0ms)
  Rendered collection of templates [0 times] (0.0ms)
  Rendered images/index.html.erb within layouts/application (3.0ms)
Completed 200 OK in 134ms (Views: 121.8ms | ActiveRecord: 0.0ms)


Started GET "/images" for 127.0.0.1 at 2018-08-28 19:06:28 -0500
Processing by ImagesController#index as HTML
  Rendering images/index.html.erb within layouts/application
  [1m[36mImage Load (1.0ms)[0m  [1m[34mSELECT "images".* FROM "images"[0m
  Rendered collection of templates [0 times] (0.0ms)
  Rendered collection of templates [0 times] (0.0ms)
  Rendered images/index.html.erb within layouts/application (3.7ms)
Completed 200 OK in 131ms (Views: 118.1ms | ActiveRecord: 1.0ms)


Started GET "/images" for 127.0.0.1 at 2018-08-28 19:07:35 -0500
Processing by ImagesController#index as HTML
  Rendering images/index.html.erb within layouts/application
  [1m[36mImage Load (1.0ms)[0m  [1m[34mSELECT "images".* FROM "images"[0m
  Rendered collection of templates [0 times] (0.0ms)
  Rendered collection of templates [0 times] (0.0ms)
  Rendered images/index.html.erb within layouts/application (3.0ms)
Completed 200 OK in 154ms (Views: 138.0ms | ActiveRecord: 1.0ms)


Started GET "/images/new" for 127.0.0.1 at 2018-08-28 19:07:44 -0500
Processing by ImagesController#new as HTML
  Rendering images/new.html.erb within layouts/application
  Rendered images/_form.html.erb (1.0ms)
  Rendered images/new.html.erb within layouts/application (14.0ms)
Completed 200 OK in 140ms (Views: 127.3ms | ActiveRecord: 0.0ms)


Started POST "/images" for 127.0.0.1 at 2018-08-28 19:07:50 -0500
Processing by ImagesController#create as HTML
  Parameters: {"utf8"=>"✓", "authenticity_token"=>"07YZz3tHYh306plEXAQn9Q7kDtBp59I0qyyeHUz7iHmztFADihGXOoa0pMh4iYyF1aqx2PJjfTa8UNy4DEtFhg==", "image"=>{"description"=>"sjdfkwe"}, "commit"=>"Enviar"}
  [1m[35m (0.0ms)[0m  [1m[35mBEGIN[0m
  [1m[35mSQL (9.9ms)[0m  [1m[32mINSERT INTO "images" ("description", "created_at", "updated_at") VALUES ($1, $2, $3) RETURNING "id"[0m  [["description", "sjdfkwe"], ["created_at", "2018-08-29 00:07:50.880147"], ["updated_at", "2018-08-29 00:07:50.880147"]]
  [1m[35m (3.0ms)[0m  [1m[35mCOMMIT[0m
Redirected to http://localhost:3000/images/1
Completed 302 Found in 21ms (ActiveRecord: 12.9ms)


Started GET "/images/1" for 127.0.0.1 at 2018-08-28 19:07:50 -0500
Processing by ImagesController#show as HTML
  Parameters: {"id"=>"1"}
  [1m[36mImage Load (1.0ms)[0m  [1m[34mSELECT  "images".* FROM "images" WHERE "images"."id" = $1 LIMIT $2[0m  [["id", 1], ["LIMIT", 1]]
  Rendering images/show.html.erb within layouts/application
  Rendered images/show.html.erb within layouts/application (1.0ms)
Completed 200 OK in 142ms (Views: 119.9ms | ActiveRecord: 1.0ms)


Started GET "/images" for 127.0.0.1 at 2018-08-28 19:07:55 -0500
Processing by ImagesController#index as HTML
  Rendering images/index.html.erb within layouts/application
  [1m[36mImage Load (0.0ms)[0m  [1m[34mSELECT "images".* FROM "images"[0m
  Rendered collection of images/_image.html.erb [1 times] (1.0ms)
  Rendered collection of images/_image.html.erb [1 times] (1.0ms)
  Rendered images/index.html.erb within layouts/application (32.0ms)
Completed 200 OK in 198ms (Views: 182.8ms | ActiveRecord: 0.0ms)


Started GET "/images" for 127.0.0.1 at 2018-08-28 19:33:34 -0500
Processing by ImagesController#index as HTML
  Rendering images/index.html.erb within layouts/application
  [1m[36mImage Load (0.0ms)[0m  [1m[34mSELECT "images".* FROM "images"[0m
  Rendered collection of images/_image.html.erb [1 times] (1.0ms)
  Rendered images/index.html.erb within layouts/application (16.5ms)
Completed 200 OK in 170ms (Views: 157.2ms | ActiveRecord: 0.0ms)


Started GET "/images/1/edit" for 127.0.0.1 at 2018-08-28 19:37:56 -0500
Processing by ImagesController#edit as HTML
  Parameters: {"id"=>"1"}
  [1m[36mImage Load (1.0ms)[0m  [1m[34mSELECT  "images".* FROM "images" WHERE "images"."id" = $1 LIMIT $2[0m  [["id", 1], ["LIMIT", 1]]
  Rendering images/edit.html.erb within layouts/application
  Rendered images/_form.html.erb (2.0ms)
  Rendered images/edit.html.erb within layouts/application (15.9ms)
Completed 200 OK in 153ms (Views: 135.5ms | ActiveRecord: 1.0ms)


Started PATCH "/images/1" for 127.0.0.1 at 2018-08-28 19:38:01 -0500
Processing by ImagesController#update as HTML
  Parameters: {"utf8"=>"✓", "authenticity_token"=>"oZWcILh3MWWKUudKIWL6MfUxNRft+cEDchcM5bufieVxKX0+5Fgy6ru8oaGkd7q4RxPfyPKx94bfHBgBY82NAQ==", "image"=>{"description"=>"jmjpo´{p"}, "commit"=>"Enviar", "id"=>"1"}
  [1m[36mImage Load (0.0ms)[0m  [1m[34mSELECT  "images".* FROM "images" WHERE "images"."id" = $1 LIMIT $2[0m  [["id", 1], ["LIMIT", 1]]
  [1m[35m (0.0ms)[0m  [1m[35mBEGIN[0m
  [1m[35mSQL (40.0ms)[0m  [1m[33mUPDATE "images" SET "description" = $1, "updated_at" = $2 WHERE "images"."id" = $3[0m  [["description", "jmjpo´{p"], ["updated_at", "2018-08-29 00:38:01.195354"], ["id", 1]]
  [1m[35m (1.0ms)[0m  [1m[35mCOMMIT[0m
Redirected to http://localhost:3000/images/1
Completed 302 Found in 51ms (ActiveRecord: 41.0ms)


Started GET "/images/1" for 127.0.0.1 at 2018-08-28 19:38:01 -0500
Processing by ImagesController#show as HTML
  Parameters: {"id"=>"1"}
  [1m[36mImage Load (0.0ms)[0m  [1m[34mSELECT  "images".* FROM "images" WHERE "images"."id" = $1 LIMIT $2[0m  [["id", 1], ["LIMIT", 1]]
  Rendering images/show.html.erb within layouts/application
  Rendered images/show.html.erb within layouts/application (1.0ms)
Completed 200 OK in 135ms (Views: 119.7ms | ActiveRecord: 0.0ms)


Started PATCH "/images/1" for 127.0.0.1 at 2018-08-28 19:38:11 -0500
Processing by ImagesController#update as HTML
  Parameters: {"utf8"=>"✓", "authenticity_token"=>"aJr4sYclDJSDxqeB5SW5uKtxm5GGc5yg6FbaQsd+IvcImLF9dnP5s/GYmg3BqBLIcD8kmR33M6L/Kpjnh87vCA==", "image"=>{"description"=>"oiojml"}, "commit"=>"Enviar", "id"=>"1"}
  [1m[36mImage Load (0.0ms)[0m  [1m[34mSELECT  "images".* FROM "images" WHERE "images"."id" = $1 LIMIT $2[0m  [["id", 1], ["LIMIT", 1]]
  [1m[35m (0.0ms)[0m  [1m[35mBEGIN[0m
  [1m[35mSQL (1.0ms)[0m  [1m[33mUPDATE "images" SET "description" = $1, "updated_at" = $2 WHERE "images"."id" = $3[0m  [["description", "oiojml"], ["updated_at", "2018-08-29 00:38:11.500252"], ["id", 1]]
  [1m[35m (3.0ms)[0m  [1m[35mCOMMIT[0m
Redirected to http://localhost:3000/images/1
Completed 302 Found in 11ms (ActiveRecord: 4.0ms)


Started GET "/images/1" for 127.0.0.1 at 2018-08-28 19:38:11 -0500
Processing by ImagesController#show as HTML
  Parameters: {"id"=>"1"}
  [1m[36mImage Load (0.0ms)[0m  [1m[34mSELECT  "images".* FROM "images" WHERE "images"."id" = $1 LIMIT $2[0m  [["id", 1], ["LIMIT", 1]]
  Rendering images/show.html.erb within layouts/application
  Rendered images/show.html.erb within layouts/application (0.0ms)
Completed 200 OK in 131ms (Views: 116.5ms | ActiveRecord: 0.0ms)


Started GET "/images/" for 127.0.0.1 at 2018-08-28 19:38:17 -0500
Processing by ImagesController#index as HTML
  Rendering images/index.html.erb within layouts/application
  [1m[36mImage Load (1.0ms)[0m  [1m[34mSELECT "images".* FROM "images"[0m
  Rendered collection of images/_image.html.erb [1 times] (1.0ms)
  Rendered images/index.html.erb within layouts/application (16.0ms)
Completed 200 OK in 148ms (Views: 134.6ms | ActiveRecord: 1.0ms)


Started GET "/images/new" for 127.0.0.1 at 2018-08-28 19:40:02 -0500
Processing by ImagesController#new as HTML
  Rendering images/new.html.erb within layouts/application
  Rendered images/_form.html.erb (1.0ms)
  Rendered images/new.html.erb within layouts/application (12.7ms)
Completed 200 OK in 140ms (Views: 127.1ms | ActiveRecord: 0.0ms)


  [1m[35m (0.0ms)[0m  [1m[34mSELECT pg_try_advisory_lock(3465197453660230470)[0m
  [1m[35m (0.0ms)[0m  [1m[34mSELECT "schema_migrations"."version" FROM "schema_migrations" ORDER BY "schema_migrations"."version" ASC[0m
Migrating to AddPictureToImages (20180829015636)
  [1m[35m (0.0ms)[0m  [1m[35mBEGIN[0m
  [1m[35m (24.0ms)[0m  [1m[35mALTER TABLE "images" ADD "picture" character varying[0m
  [1m[35mSQL (12.0ms)[0m  [1m[32mINSERT INTO "schema_migrations" ("version") VALUES ($1) RETURNING "version"[0m  [["version", "20180829015636"]]
  [1m[35m (4.0ms)[0m  [1m[35mCOMMIT[0m
  [1m[36mActiveRecord::InternalMetadata Load (0.0ms)[0m  [1m[34mSELECT  "ar_internal_metadata".* FROM "ar_internal_metadata" WHERE "ar_internal_metadata"."key" = $1 LIMIT $2[0m  [["key", "environment"], ["LIMIT", 1]]
  [1m[35m (4.0ms)[0m  [1m[35mBEGIN[0m
  [1m[35m (0.0ms)[0m  [1m[35mCOMMIT[0m
  [1m[35m (0.0ms)[0m  [1m[34mSELECT pg_advisory_unlock(3465197453660230470)[0m
  [1m[35m (0.0ms)[0m  [1m[34mSELECT "schema_migrations"."version" FROM "schema_migrations" ORDER BY "schema_migrations"."version" ASC[0m
Started GET "/images" for 127.0.0.1 at 2018-08-28 21:07:46 -0500
  [1m[35m (1.0ms)[0m  [1m[34mSELECT "schema_migrations"."version" FROM "schema_migrations" ORDER BY "schema_migrations"."version" ASC[0m
Processing by ImagesController#index as HTML
  Rendering images/index.html.erb within layouts/application
  [1m[36mImage Load (2.0ms)[0m  [1m[34mSELECT "images".* FROM "images"[0m
  Rendered collection of images/_image.html.erb [1 times] (1460.6ms)
  Rendered images/index.html.erb within layouts/application (1549.7ms)
Completed 200 OK in 1841ms (Views: 1798.7ms | ActiveRecord: 10.0ms)


Started GET "/images/new" for 127.0.0.1 at 2018-08-28 21:09:17 -0500
Processing by ImagesController#new as HTML
  Rendering images/new.html.erb within layouts/application
  Rendered images/_form.html.erb (71.0ms)
  Rendered images/new.html.erb within layouts/application (84.1ms)
Completed 200 OK in 250ms (Views: 236.4ms | ActiveRecord: 0.0ms)


Started POST "/images" for 127.0.0.1 at 2018-08-28 21:09:50 -0500
Processing by ImagesController#create as HTML
  Parameters: {"utf8"=>"✓", "authenticity_token"=>"X/REK3/C9qXZ7P6izxq9H29nsfz+0y9NYeKN96DKydc/9g3njpQDgquywy7rlxZvtCkO9GVXgE92ns9S4HoEKA==", "image"=>{"description"=>"", "picture"=>#<ActionDispatch::Http::UploadedFile:0x9a1a048 @tempfile=#<Tempfile:C:/Users/ANDAP/AppData/Local/Temp/RackMultipart20180828-4260-1n93rel.jpeg>, @original_filename="fn-prueba.jpeg", @content_type="image/jpeg", @headers="Content-Disposition: form-data; name=\"image[picture]\"; filename=\"fn-prueba.jpeg\"\r\nContent-Type: image/jpeg\r\n">}, "commit"=>"Enviar"}
  [1m[35m (0.0ms)[0m  [1m[35mBEGIN[0m
  [1m[35m (0.0ms)[0m  [1m[31mROLLBACK[0m
Redirected to http://localhost:3000/images
Completed 302 Found in 76ms (ActiveRecord: 8.0ms)


Started GET "/images" for 127.0.0.1 at 2018-08-28 21:09:50 -0500
Processing by ImagesController#index as HTML
  Rendering images/index.html.erb within layouts/application
  [1m[36mImage Load (1.0ms)[0m  [1m[34mSELECT "images".* FROM "images"[0m
  Rendered collection of images/_image.html.erb [1 times] (2.0ms)
  Rendered images/index.html.erb within layouts/application (18.0ms)
Completed 200 OK in 169ms (Views: 156.8ms | ActiveRecord: 1.0ms)


Started GET "/images/new" for 127.0.0.1 at 2018-08-28 21:10:06 -0500
Processing by ImagesController#new as HTML
  Rendering images/new.html.erb within layouts/application
  Rendered images/_form.html.erb (2.0ms)
  Rendered images/new.html.erb within layouts/application (16.0ms)
Completed 200 OK in 176ms (Views: 162.5ms | ActiveRecord: 0.0ms)


Started POST "/images" for 127.0.0.1 at 2018-08-28 21:10:16 -0500
Processing by ImagesController#create as HTML
  Parameters: {"utf8"=>"✓", "authenticity_token"=>"VLAYwy84MlOE3aHBhX4ZDO4T9TTF3UQ7gi0jEMF5qQM0slEP3m7HdPaDnE2h87J8NV1KPF5Z6zmVUWG1gclk/A==", "image"=>{"description"=>"sokfgpmaw", "picture"=>#<ActionDispatch::Http::UploadedFile:0xb8d6598 @tempfile=#<Tempfile:C:/Users/ANDAP/AppData/Local/Temp/RackMultipart20180828-4260-q3lvid.jpeg>, @original_filename="fn-prueba.jpeg", @content_type="image/jpeg", @headers="Content-Disposition: form-data; name=\"image[picture]\"; filename=\"fn-prueba.jpeg\"\r\nContent-Type: image/jpeg\r\n">}, "commit"=>"Enviar"}
  [1m[35m (0.0ms)[0m  [1m[35mBEGIN[0m
  [1m[35m (0.0ms)[0m  [1m[31mROLLBACK[0m
Redirected to http://localhost:3000/images
Completed 302 Found in 34ms (ActiveRecord: 0.0ms)


Started GET "/images" for 127.0.0.1 at 2018-08-28 21:10:16 -0500
Processing by ImagesController#index as HTML
  Rendering images/index.html.erb within layouts/application
  [1m[36mImage Load (0.0ms)[0m  [1m[34mSELECT "images".* FROM "images"[0m
  Rendered collection of images/_image.html.erb [1 times] (1.0ms)
  Rendered images/index.html.erb within layouts/application (18.0ms)
Completed 200 OK in 158ms (Views: 145.2ms | ActiveRecord: 0.0ms)


Started GET "/images/new" for 127.0.0.1 at 2018-08-28 21:10:24 -0500
Processing by ImagesController#new as HTML
  Rendering images/new.html.erb within layouts/application
  Rendered images/_form.html.erb (2.0ms)
  Rendered images/new.html.erb within layouts/application (16.0ms)
Completed 200 OK in 180ms (Views: 167.9ms | ActiveRecord: 0.0ms)


Started POST "/images" for 127.0.0.1 at 2018-08-28 21:10:30 -0500
Processing by ImagesController#create as HTML
  Parameters: {"utf8"=>"✓", "authenticity_token"=>"orqNW5ZbPiPPJhf96MwfUED4jAvEvDWQyVce/zVC6N3CuMSXZw3LBL14KnHMQbQgm7YzA184mpLeK1xadfIlIg==", "image"=>{"description"=>"", "picture"=>#<ActionDispatch::Http::UploadedFile:0xc9724e0 @tempfile=#<Tempfile:C:/Users/ANDAP/AppData/Local/Temp/RackMultipart20180828-4260-1otk9dj.jpeg>, @original_filename="fn-prueba.jpeg", @content_type="image/jpeg", @headers="Content-Disposition: form-data; name=\"image[picture]\"; filename=\"fn-prueba.jpeg\"\r\nContent-Type: image/jpeg\r\n">}, "commit"=>"Enviar"}
  [1m[35m (0.0ms)[0m  [1m[35mBEGIN[0m
  [1m[35m (0.0ms)[0m  [1m[31mROLLBACK[0m
Redirected to http://localhost:3000/images
Completed 302 Found in 39ms (ActiveRecord: 0.0ms)


Started GET "/images" for 127.0.0.1 at 2018-08-28 21:10:31 -0500
Processing by ImagesController#index as HTML
  Rendering images/index.html.erb within layouts/application
  [1m[36mImage Load (1.0ms)[0m  [1m[34mSELECT "images".* FROM "images"[0m
  Rendered collection of images/_image.html.erb [1 times] (1.0ms)
  Rendered images/index.html.erb within layouts/application (17.0ms)
Completed 200 OK in 163ms (Views: 148.3ms | ActiveRecord: 1.0ms)


Started GET "/images/new" for 127.0.0.1 at 2018-08-28 21:10:37 -0500
Processing by ImagesController#new as HTML
  Rendering images/new.html.erb within layouts/application
  Rendered images/_form.html.erb (2.0ms)
  Rendered images/new.html.erb within layouts/application (16.0ms)
Completed 200 OK in 160ms (Views: 144.6ms | ActiveRecord: 0.0ms)


Started POST "/images" for 127.0.0.1 at 2018-08-28 21:10:42 -0500
Processing by ImagesController#create as HTML
  Parameters: {"utf8"=>"✓", "authenticity_token"=>"YZyOreb7H6ctaIyx9d92LV/Vs1+SPbf+wOvUKw7fBa8BnsdhF63qgF82sT3RUt1dhJsMVwm5GPzXl5aOTm/IUA==", "image"=>{"description"=>"kajdpfk"}, "commit"=>"Enviar"}
  [1m[35m (0.0ms)[0m  [1m[35mBEGIN[0m
  [1m[35mSQL (35.0ms)[0m  [1m[32mINSERT INTO "images" ("description", "created_at", "updated_at") VALUES ($1, $2, $3) RETURNING "id"[0m  [["description", "kajdpfk"], ["created_at", "2018-08-29 02:10:42.672841"], ["updated_at", "2018-08-29 02:10:42.672841"]]
  [1m[35m (3.0ms)[0m  [1m[35mCOMMIT[0m
Redirected to http://localhost:3000/images/2
Completed 302 Found in 47ms (ActiveRecord: 38.0ms)


Started GET "/images/2" for 127.0.0.1 at 2018-08-28 21:10:42 -0500
Processing by ImagesController#show as HTML
  Parameters: {"id"=>"2"}
  [1m[36mImage Load (0.0ms)[0m  [1m[34mSELECT  "images".* FROM "images" WHERE "images"."id" = $1 LIMIT $2[0m  [["id", 2], ["LIMIT", 1]]
  Rendering images/show.html.erb within layouts/application
  Rendered images/show.html.erb within layouts/application (1.0ms)
Completed 200 OK in 176ms (Views: 140.5ms | ActiveRecord: 0.0ms)


Started GET "/images/" for 127.0.0.1 at 2018-08-28 21:10:47 -0500
Processing by ImagesController#index as HTML
  Rendering images/index.html.erb within layouts/application
  [1m[36mImage Load (0.0ms)[0m  [1m[34mSELECT "images".* FROM "images"[0m
  Rendered collection of images/_image.html.erb [2 times] (2.0ms)
  Rendered images/index.html.erb within layouts/application (15.0ms)
Completed 200 OK in 134ms (Views: 120.9ms | ActiveRecord: 0.0ms)


Started GET "/images/" for 127.0.0.1 at 2018-08-28 21:16:33 -0500
Processing by ImagesController#index as HTML
  Rendering images/index.html.erb within layouts/application
  [1m[36mImage Load (0.0ms)[0m  [1m[34mSELECT "images".* FROM "images"[0m
  Rendered collection of images/_image.html.erb [2 times] (2.0ms)
  Rendered images/index.html.erb within layouts/application (16.0ms)
Completed 200 OK in 152ms (Views: 139.7ms | ActiveRecord: 0.0ms)


Started GET "/images/new" for 127.0.0.1 at 2018-08-28 21:16:36 -0500
Processing by ImagesController#new as HTML
  Rendering images/new.html.erb within layouts/application
  Rendered images/_form.html.erb (0.0ms)
  Rendered images/new.html.erb within layouts/application (16.0ms)
Completed 200 OK in 172ms (Views: 157.4ms | ActiveRecord: 0.0ms)


Started POST "/images" for 127.0.0.1 at 2018-08-28 21:16:43 -0500
Processing by ImagesController#create as HTML
  Parameters: {"utf8"=>"✓", "authenticity_token"=>"zuV8VB3TPGewvnuRLdmh0iS4uDhfXjU8Uhn4lpbHWr+u5zWY7IXJQMLgRh0JVAqi//YHMMTamj5FZboz1neXQA==", "image"=>{"description"=>"kajdpfk"}, "commit"=>"Enviar"}
  [1m[35m (0.0ms)[0m  [1m[35mBEGIN[0m
  [1m[35mSQL (1.0ms)[0m  [1m[32mINSERT INTO "images" ("description", "created_at", "updated_at") VALUES ($1, $2, $3) RETURNING "id"[0m  [["description", "kajdpfk"], ["created_at", "2018-08-29 02:16:43.776451"], ["updated_at", "2018-08-29 02:16:43.776451"]]
  [1m[35m (6.3ms)[0m  [1m[35mCOMMIT[0m
Redirected to http://localhost:3000/images/3
Completed 302 Found in 16ms (ActiveRecord: 7.3ms)


Started GET "/images/3" for 127.0.0.1 at 2018-08-28 21:16:43 -0500
Processing by ImagesController#show as HTML
  Parameters: {"id"=>"3"}
  [1m[36mImage Load (1.1ms)[0m  [1m[34mSELECT  "images".* FROM "images" WHERE "images"."id" = $1 LIMIT $2[0m  [["id", 3], ["LIMIT", 1]]
  Rendering images/show.html.erb within layouts/application
  Rendered images/show.html.erb within layouts/application (0.0ms)
Completed 200 OK in 172ms (Views: 156.3ms | ActiveRecord: 1.1ms)


Started GET "/images/" for 127.0.0.1 at 2018-08-28 21:16:47 -0500
Processing by ImagesController#index as HTML
  Rendering images/index.html.erb within layouts/application
  [1m[36mImage Load (0.0ms)[0m  [1m[34mSELECT "images".* FROM "images"[0m
  Rendered collection of images/_image.html.erb [3 times] (2.0ms)
  Rendered images/index.html.erb within layouts/application (15.0ms)
Completed 200 OK in 136ms (Views: 124.0ms | ActiveRecord: 0.0ms)


